This is pdfTeX, Version 3.141592653-2.6-1.40.23 (TeX Live 2021/W32TeX) (preloaded format=pdflatex 2021.12.19)  24 DEC 2021 22:55
entering extended mode
 restricted \write18 enabled.
 %&-line parsing enabled.
**Assignment2.tex
(./Assignment2.tex
LaTeX2e <2021-11-15> patch level 1
L3 programming layer <2021-11-22> (c:/Users/Alex/AppData/Roaming/TinyTeX/texmf-dist/tex/latex/base/article.cls
Document Class: article 2021/10/04 v1.4n Standard LaTeX document class
(c:/Users/Alex/AppData/Roaming/TinyTeX/texmf-dist/tex/latex/base/size10.clo
File: size10.clo 2021/10/04 v1.4n Standard LaTeX file (size option)
)
\c@part=\count183
\c@section=\count184
\c@subsection=\count185
\c@subsubsection=\count186
\c@paragraph=\count187
\c@subparagraph=\count188
\c@figure=\count189
\c@table=\count190
\abovecaptionskip=\skip47
\belowcaptionskip=\skip48
\bibindent=\dimen138
) (c:/Users/Alex/AppData/Roaming/TinyTeX/texmf-dist/tex/latex/amsmath/amsmath.sty
Package: amsmath 2021/10/15 v2.17l AMS math features
\@mathmargin=\skip49
For additional information on amsmath, use the `?' option.
(c:/Users/Alex/AppData/Roaming/TinyTeX/texmf-dist/tex/latex/amsmath/amstext.sty
Package: amstext 2021/08/26 v2.01 AMS text
(c:/Users/Alex/AppData/Roaming/TinyTeX/texmf-dist/tex/latex/amsmath/amsgen.sty
File: amsgen.sty 1999/11/30 v2.0 generic functions
\@emptytoks=\toks16
\ex@=\dimen139
)) (c:/Users/Alex/AppData/Roaming/TinyTeX/texmf-dist/tex/latex/amsmath/amsbsy.sty
Package: amsbsy 1999/11/29 v1.2d Bold Symbols
\pmbraise@=\dimen140
) (c:/Users/Alex/AppData/Roaming/TinyTeX/texmf-dist/tex/latex/amsmath/amsopn.sty
Package: amsopn 2021/08/26 v2.02 operator names
)
\inf@bad=\count191
LaTeX Info: Redefining \frac on input line 234.
\uproot@=\count192
\leftroot@=\count193
LaTeX Info: Redefining \overline on input line 399.
\classnum@=\count194
\DOTSCASE@=\count195
LaTeX Info: Redefining \ldots on input line 496.
LaTeX Info: Redefining \dots on input line 499.
LaTeX Info: Redefining \cdots on input line 620.
\Mathstrutbox@=\box50
\strutbox@=\box51
\big@size=\dimen141
LaTeX Font Info:    Redeclaring font encoding OML on input line 743.
LaTeX Font Info:    Redeclaring font encoding OMS on input line 744.
\macc@depth=\count196
\c@MaxMatrixCols=\count197
\dotsspace@=\muskip16
\c@parentequation=\count198
\dspbrk@lvl=\count199
\tag@help=\toks17
\row@=\count266
\column@=\count267
\maxfields@=\count268
\andhelp@=\toks18
\eqnshift@=\dimen142
\alignsep@=\dimen143
\tagshift@=\dimen144
\tagwidth@=\dimen145
\totwidth@=\dimen146
\lineht@=\dimen147
\@envbody=\toks19
\multlinegap=\skip50
\multlinetaggap=\skip51
\mathdisplay@stack=\toks20
LaTeX Info: Redefining \[ on input line 2938.
LaTeX Info: Redefining \] on input line 2939.
) (c:/Users/Alex/AppData/Roaming/TinyTeX/texmf-dist/tex/latex/amsfonts/amssymb.sty
Package: amssymb 2013/01/14 v3.01 AMS font symbols
(c:/Users/Alex/AppData/Roaming/TinyTeX/texmf-dist/tex/latex/amsfonts/amsfonts.sty
Package: amsfonts 2013/01/14 v3.01 Basic AMSFonts support
\symAMSa=\mathgroup4
\symAMSb=\mathgroup5
LaTeX Font Info:    Redeclaring math symbol \hbar on input line 98.
LaTeX Font Info:    Overwriting math alphabet `\mathfrak' in version `bold'
(Font)                  U/euf/m/n --> U/euf/b/n on input line 106.
)) (c:/Users/Alex/AppData/Roaming/TinyTeX/texmf-dist/tex/latex/lm/lmodern.sty
Package: lmodern 2015/05/01 v1.6.1 Latin Modern Fonts
LaTeX Font Info:    Overwriting symbol font `operators' in version `normal'
(Font)                  OT1/cmr/m/n --> OT1/lmr/m/n on input line 22.
LaTeX Font Info:    Overwriting symbol font `letters' in version `normal'
(Font)                  OML/cmm/m/it --> OML/lmm/m/it on input line 23.
LaTeX Font Info:    Overwriting symbol font `symbols' in version `normal'
(Font)                  OMS/cmsy/m/n --> OMS/lmsy/m/n on input line 24.
LaTeX Font Info:    Overwriting symbol font `largesymbols' in version `normal'
(Font)                  OMX/cmex/m/n --> OMX/lmex/m/n on input line 25.
LaTeX Font Info:    Overwriting symbol font `operators' in version `bold'
(Font)                  OT1/cmr/bx/n --> OT1/lmr/bx/n on input line 26.
LaTeX Font Info:    Overwriting symbol font `letters' in version `bold'
(Font)                  OML/cmm/b/it --> OML/lmm/b/it on input line 27.
LaTeX Font Info:    Overwriting symbol font `symbols' in version `bold'
(Font)                  OMS/cmsy/b/n --> OMS/lmsy/b/n on input line 28.
LaTeX Font Info:    Overwriting symbol font `largesymbols' in version `bold'
(Font)                  OMX/cmex/m/n --> OMX/lmex/m/n on input line 29.
LaTeX Font Info:    Overwriting math alphabet `\mathbf' in version `normal'
(Font)                  OT1/cmr/bx/n --> OT1/lmr/bx/n on input line 31.
LaTeX Font Info:    Overwriting math alphabet `\mathsf' in version `normal'
(Font)                  OT1/cmss/m/n --> OT1/lmss/m/n on input line 32.
LaTeX Font Info:    Overwriting math alphabet `\mathit' in version `normal'
(Font)                  OT1/cmr/m/it --> OT1/lmr/m/it on input line 33.
LaTeX Font Info:    Overwriting math alphabet `\mathtt' in version `normal'
(Font)                  OT1/cmtt/m/n --> OT1/lmtt/m/n on input line 34.
LaTeX Font Info:    Overwriting math alphabet `\mathbf' in version `bold'
(Font)                  OT1/cmr/bx/n --> OT1/lmr/bx/n on input line 35.
LaTeX Font Info:    Overwriting math alphabet `\mathsf' in version `bold'
(Font)                  OT1/cmss/bx/n --> OT1/lmss/bx/n on input line 36.
LaTeX Font Info:    Overwriting math alphabet `\mathit' in version `bold'
(Font)                  OT1/cmr/bx/it --> OT1/lmr/bx/it on input line 37.
LaTeX Font Info:    Overwriting math alphabet `\mathtt' in version `bold'
(Font)                  OT1/cmtt/m/n --> OT1/lmtt/m/n on input line 38.
) (c:/Users/Alex/AppData/Roaming/TinyTeX/texmf-dist/tex/generic/iftex/ifxetex.sty
Package: ifxetex 2019/10/25 v0.7 ifxetex legacy package. Use iftex instead.
(c:/Users/Alex/AppData/Roaming/TinyTeX/texmf-dist/tex/generic/iftex/iftex.sty
Package: iftex 2020/03/06 v1.0d TeX engine tests
)) (c:/Users/Alex/AppData/Roaming/TinyTeX/texmf-dist/tex/generic/iftex/ifluatex.sty
Package: ifluatex 2019/10/25 v1.5 ifluatex legacy package. Use iftex instead.
) (c:/Users/Alex/AppData/Roaming/TinyTeX/texmf-dist/tex/latex/base/fontenc.sty
Package: fontenc 2021/04/29 v2.0v Standard LaTeX package
LaTeX Font Info:    Trying to load font information for T1+lmr on input line 112.
(c:/Users/Alex/AppData/Roaming/TinyTeX/texmf-dist/tex/latex/lm/t1lmr.fd
File: t1lmr.fd 2015/05/01 v1.6.1 Font defs for Latin Modern
)) (c:/Users/Alex/AppData/Roaming/TinyTeX/texmf-dist/tex/latex/base/inputenc.sty
Package: inputenc 2021/02/14 v1.3d Input encoding file
\inpenc@prehook=\toks21
\inpenc@posthook=\toks22
) (c:/Users/Alex/AppData/Roaming/TinyTeX/texmf-dist/tex/latex/base/textcomp.sty
Package: textcomp 2020/02/02 v2.0n Standard LaTeX package
) (c:/Users/Alex/AppData/Roaming/TinyTeX/texmf-dist/tex/latex/xcolor/xcolor.sty
Package: xcolor 2021/10/31 v2.13 LaTeX color extensions (UK)
(c:/Users/Alex/AppData/Roaming/TinyTeX/texmf-dist/tex/latex/graphics-cfg/color.cfg
File: color.cfg 2016/01/02 v1.6 sample color configuration
)
Package xcolor Info: Driver file: pdftex.def on input line 227.
(c:/Users/Alex/AppData/Roaming/TinyTeX/texmf-dist/tex/latex/graphics-def/pdftex.def
File: pdftex.def 2020/10/05 v1.2a Graphics/color driver for pdftex
)
Package xcolor Info: Model `cmy' substituted by `cmy0' on input line 1352.
Package xcolor Info: Model `hsb' substituted by `rgb' on input line 1356.
Package xcolor Info: Model `RGB' extended on input line 1368.
Package xcolor Info: Model `HTML' substituted by `rgb' on input line 1370.
Package xcolor Info: Model `Hsb' substituted by `hsb' on input line 1371.
Package xcolor Info: Model `tHsb' substituted by `hsb' on input line 1372.
Package xcolor Info: Model `HSB' substituted by `hsb' on input line 1373.
Package xcolor Info: Model `Gray' substituted by `gray' on input line 1374.
Package xcolor Info: Model `wave' substituted by `hsb' on input line 1375.
) (c:/Users/Alex/AppData/Roaming/TinyTeX/texmf-dist/tex/latex/hyperref/hyperref.sty
Package: hyperref 2021-06-07 v7.00m Hypertext links for LaTeX
(c:/Users/Alex/AppData/Roaming/TinyTeX/texmf-dist/tex/generic/ltxcmds/ltxcmds.sty
Package: ltxcmds 2020-05-10 v1.25 LaTeX kernel commands for general use (HO)
) (c:/Users/Alex/AppData/Roaming/TinyTeX/texmf-dist/tex/generic/pdftexcmds/pdftexcmds.sty
Package: pdftexcmds 2020-06-27 v0.33 Utility functions of pdfTeX for LuaTeX (HO)
(c:/Users/Alex/AppData/Roaming/TinyTeX/texmf-dist/tex/generic/infwarerr/infwarerr.sty
Package: infwarerr 2019/12/03 v1.5 Providing info/warning/error messages (HO)
)
Package pdftexcmds Info: \pdf@primitive is available.
Package pdftexcmds Info: \pdf@ifprimitive is available.
Package pdftexcmds Info: \pdfdraftmode found.
) (c:/Users/Alex/AppData/Roaming/TinyTeX/texmf-dist/tex/latex/graphics/keyval.sty
Package: keyval 2014/10/28 v1.15 key=value parser (DPC)
\KV@toks@=\toks23
) (c:/Users/Alex/AppData/Roaming/TinyTeX/texmf-dist/tex/generic/kvsetkeys/kvsetkeys.sty
Package: kvsetkeys 2019/12/15 v1.18 Key value parser (HO)
) (c:/Users/Alex/AppData/Roaming/TinyTeX/texmf-dist/tex/generic/kvdefinekeys/kvdefinekeys.sty
Package: kvdefinekeys 2019-12-19 v1.6 Define keys (HO)
) (c:/Users/Alex/AppData/Roaming/TinyTeX/texmf-dist/tex/generic/pdfescape/pdfescape.sty
Package: pdfescape 2019/12/09 v1.15 Implements pdfTeX's escape features (HO)
) (c:/Users/Alex/AppData/Roaming/TinyTeX/texmf-dist/tex/latex/hycolor/hycolor.sty
Package: hycolor 2020-01-27 v1.10 Color options for hyperref/bookmark (HO)
) (c:/Users/Alex/AppData/Roaming/TinyTeX/texmf-dist/tex/latex/letltxmacro/letltxmacro.sty
Package: letltxmacro 2019/12/03 v1.6 Let assignment for LaTeX macros (HO)
) (c:/Users/Alex/AppData/Roaming/TinyTeX/texmf-dist/tex/latex/auxhook/auxhook.sty
Package: auxhook 2019-12-17 v1.6 Hooks for auxiliary files (HO)
) (c:/Users/Alex/AppData/Roaming/TinyTeX/texmf-dist/tex/latex/kvoptions/kvoptions.sty
Package: kvoptions 2020-10-07 v3.14 Key value format for package options (HO)
)
\@linkdim=\dimen148
\Hy@linkcounter=\count269
\Hy@pagecounter=\count270
(c:/Users/Alex/AppData/Roaming/TinyTeX/texmf-dist/tex/latex/hyperref/pd1enc.def
File: pd1enc.def 2021-06-07 v7.00m Hyperref: PDFDocEncoding definition (HO)
Now handling font encoding PD1 ...
... no UTF-8 mapping file for font encoding PD1
) (c:/Users/Alex/AppData/Roaming/TinyTeX/texmf-dist/tex/latex/hyperref/hyperref-langpatches.def
File: hyperref-langpatches.def 2021-06-07 v7.00m Hyperref: patches for babel languages
) (c:/Users/Alex/AppData/Roaming/TinyTeX/texmf-dist/tex/generic/intcalc/intcalc.sty
Package: intcalc 2019/12/15 v1.3 Expandable calculations with integers (HO)
) (c:/Users/Alex/AppData/Roaming/TinyTeX/texmf-dist/tex/generic/etexcmds/etexcmds.sty
Package: etexcmds 2019/12/15 v1.7 Avoid name clashes with e-TeX commands (HO)
)
\Hy@SavedSpaceFactor=\count271
(c:/Users/Alex/AppData/Roaming/TinyTeX/texmf-dist/tex/latex/hyperref/puenc.def
File: puenc.def 2021-06-07 v7.00m Hyperref: PDF Unicode definition (HO)
Now handling font encoding PU ...
... no UTF-8 mapping file for font encoding PU
)
Package hyperref Info: Option `unicode' set `true' on input line 4073.
Package hyperref Info: Hyper figures OFF on input line 4192.
Package hyperref Info: Link nesting OFF on input line 4197.
Package hyperref Info: Hyper index ON on input line 4200.
Package hyperref Info: Plain pages OFF on input line 4207.
Package hyperref Info: Backreferencing OFF on input line 4212.
Package hyperref Info: Implicit mode ON; LaTeX internals redefined.
Package hyperref Info: Bookmarks ON on input line 4445.
\c@Hy@tempcnt=\count272
(c:/Users/Alex/AppData/Roaming/TinyTeX/texmf-dist/tex/latex/url/url.sty
\Urlmuskip=\muskip17
Package: url 2013/09/16  ver 3.4  Verb mode for urls, etc.
)
LaTeX Info: Redefining \url on input line 4804.
\XeTeXLinkMargin=\dimen149
(c:/Users/Alex/AppData/Roaming/TinyTeX/texmf-dist/tex/generic/bitset/bitset.sty
Package: bitset 2019/12/09 v1.3 Handle bit-vector datatype (HO)
(c:/Users/Alex/AppData/Roaming/TinyTeX/texmf-dist/tex/generic/bigintcalc/bigintcalc.sty
Package: bigintcalc 2019/12/15 v1.5 Expandable calculations on big integers (HO)
))
\Fld@menulength=\count273
\Field@Width=\dimen150
\Fld@charsize=\dimen151
Package hyperref Info: Hyper figures OFF on input line 6076.
Package hyperref Info: Link nesting OFF on input line 6081.
Package hyperref Info: Hyper index ON on input line 6084.
Package hyperref Info: backreferencing OFF on input line 6091.
Package hyperref Info: Link coloring OFF on input line 6096.
Package hyperref Info: Link coloring with OCG OFF on input line 6101.
Package hyperref Info: PDF/A mode OFF on input line 6106.
LaTeX Info: Redefining \ref on input line 6146.
LaTeX Info: Redefining \pageref on input line 6150.
(c:/Users/Alex/AppData/Roaming/TinyTeX/texmf-dist/tex/latex/base/atbegshi-ltx.sty
Package: atbegshi-ltx 2021/01/10 v1.0c Emulation of the original atbegshi
package with kernel methods
)
\Hy@abspage=\count274
\c@Item=\count275
\c@Hfootnote=\count276
)
Package hyperref Info: Driver (autodetected): hpdftex.
(c:/Users/Alex/AppData/Roaming/TinyTeX/texmf-dist/tex/latex/hyperref/hpdftex.def
File: hpdftex.def 2021-06-07 v7.00m Hyperref driver for pdfTeX
(c:/Users/Alex/AppData/Roaming/TinyTeX/texmf-dist/tex/latex/base/atveryend-ltx.sty
Package: atveryend-ltx 2020/08/19 v1.0a Emulation of the original atveryend package
with kernel methods
)
\Fld@listcount=\count277
\c@bookmark@seq@number=\count278
(c:/Users/Alex/AppData/Roaming/TinyTeX/texmf-dist/tex/latex/rerunfilecheck/rerunfilecheck.sty
Package: rerunfilecheck 2019/12/05 v1.9 Rerun checks for auxiliary files (HO)
(c:/Users/Alex/AppData/Roaming/TinyTeX/texmf-dist/tex/generic/uniquecounter/uniquecounter.sty
Package: uniquecounter 2019/12/15 v1.4 Provide unlimited unique counter (HO)
)
Package uniquecounter Info: New unique counter `rerunfilecheck' on input line 286.
)
\Hy@SectionHShift=\skip52
) (c:/Users/Alex/AppData/Roaming/TinyTeX/texmf-dist/tex/latex/geometry/geometry.sty
Package: geometry 2020/01/02 v5.9 Page Geometry
(c:/Users/Alex/AppData/Roaming/TinyTeX/texmf-dist/tex/generic/iftex/ifvtex.sty
Package: ifvtex 2019/10/25 v1.7 ifvtex legacy package. Use iftex instead.
)
\Gm@cnth=\count279
\Gm@cntv=\count280
\c@Gm@tempcnt=\count281
\Gm@bindingoffset=\dimen152
\Gm@wd@mp=\dimen153
\Gm@odd@mp=\dimen154
\Gm@even@mp=\dimen155
\Gm@layoutwidth=\dimen156
\Gm@layoutheight=\dimen157
\Gm@layouthoffset=\dimen158
\Gm@layoutvoffset=\dimen159
\Gm@dimlist=\toks24
) (c:/Users/Alex/AppData/Roaming/TinyTeX/texmf-dist/tex/latex/fancyvrb/fancyvrb.sty
Package: fancyvrb 2021/11/24\nobreakspace {} 4.1a\nobreakspace {}verbatim text (tvz,hv)
\FV@CodeLineNo=\count282
\FV@InFile=\read2
\FV@TabBox=\box52
\c@FancyVerbLine=\count283
\FV@StepNumber=\count284
\FV@OutFile=\write3
) (c:/Users/Alex/AppData/Roaming/TinyTeX/texmf-dist/tex/latex/framed/framed.sty
Package: framed 2011/10/22 v 0.96: framed or shaded text with page breaks
\OuterFrameSep=\skip53
\fb@frw=\dimen160
\fb@frh=\dimen161
\FrameRule=\dimen162
\FrameSep=\dimen163
) (c:/Users/Alex/AppData/Roaming/TinyTeX/texmf-dist/tex/latex/graphics/graphicx.sty
Package: graphicx 2021/09/16 v1.2d Enhanced LaTeX Graphics (DPC,SPQR)
(c:/Users/Alex/AppData/Roaming/TinyTeX/texmf-dist/tex/latex/graphics/graphics.sty
Package: graphics 2021/03/04 v1.4d Standard LaTeX Graphics (DPC,SPQR)
(c:/Users/Alex/AppData/Roaming/TinyTeX/texmf-dist/tex/latex/graphics/trig.sty
Package: trig 2021/08/11 v1.11 sin cos tan (DPC)
) (c:/Users/Alex/AppData/Roaming/TinyTeX/texmf-dist/tex/latex/graphics-cfg/graphics.cfg
File: graphics.cfg 2016/06/04 v1.11 sample graphics configuration
)
Package graphics Info: Driver file: pdftex.def on input line 107.
)
\Gin@req@height=\dimen164
\Gin@req@width=\dimen165
) (c:/Users/Alex/AppData/Roaming/TinyTeX/texmf-dist/tex/latex/l3backend/l3backend-pdftex.def
File: l3backend-pdftex.def 2021-12-14 L3 backend support: PDF output (pdfTeX)
\l__color_backend_stack_int=\count285
\l__pdf_internal_box=\box53
) (./Assignment2.aux)
\openout1 = `Assignment2.aux'.

LaTeX Font Info:    Checking defaults for OML/cmm/m/it on input line 110.
LaTeX Font Info:    ... okay on input line 110.
LaTeX Font Info:    Checking defaults for OMS/cmsy/m/n on input line 110.
LaTeX Font Info:    ... okay on input line 110.
LaTeX Font Info:    Checking defaults for OT1/cmr/m/n on input line 110.
LaTeX Font Info:    ... okay on input line 110.
LaTeX Font Info:    Checking defaults for T1/cmr/m/n on input line 110.
LaTeX Font Info:    ... okay on input line 110.
LaTeX Font Info:    Checking defaults for TS1/cmr/m/n on input line 110.
LaTeX Font Info:    ... okay on input line 110.
LaTeX Font Info:    Checking defaults for OMX/cmex/m/n on input line 110.
LaTeX Font Info:    ... okay on input line 110.
LaTeX Font Info:    Checking defaults for U/cmr/m/n on input line 110.
LaTeX Font Info:    ... okay on input line 110.
LaTeX Font Info:    Checking defaults for PD1/pdf/m/n on input line 110.
LaTeX Font Info:    ... okay on input line 110.
LaTeX Font Info:    Checking defaults for PU/pdf/m/n on input line 110.
LaTeX Font Info:    ... okay on input line 110.
(c:/Users/Alex/AppData/Roaming/TinyTeX/texmf-dist/tex/latex/epstopdf-pkg/epstopdf-base.sty
Package: epstopdf-base 2020-01-24 v2.11 Base part for package epstopdf
Package epstopdf-base Info: Redefining graphics rule for `.eps' on input line 485.
(c:/Users/Alex/AppData/Roaming/TinyTeX/texmf-dist/tex/latex/latexconfig/epstopdf-sys.cfg
File: epstopdf-sys.cfg 2010/07/13 v1.3 Configuration of (r)epstopdf for TeX Live
))
Package hyperref Info: Link coloring OFF on input line 110.
(c:/Users/Alex/AppData/Roaming/TinyTeX/texmf-dist/tex/latex/hyperref/nameref.sty
Package: nameref 2021-04-02 v2.47 Cross-referencing by name of section
(c:/Users/Alex/AppData/Roaming/TinyTeX/texmf-dist/tex/latex/refcount/refcount.sty
Package: refcount 2019/12/15 v3.6 Data extraction from label references (HO)
) (c:/Users/Alex/AppData/Roaming/TinyTeX/texmf-dist/tex/generic/gettitlestring/gettitlestring.sty
Package: gettitlestring 2019/12/15 v1.6 Cleanup title references (HO)
)
\c@section@level=\count286
)
LaTeX Info: Redefining \ref on input line 110.
LaTeX Info: Redefining \pageref on input line 110.
LaTeX Info: Redefining \nameref on input line 110.
(./Assignment2.out) (./Assignment2.out)
\@outlinefile=\write4
\openout4 = `Assignment2.out'.

*geometry* driver: auto-detecting
*geometry* detected driver: pdftex
*geometry* verbose mode - [ preamble ] result:
* driver: pdftex
* paper: <default>
* layout: <same size as paper>
* layoutoffset:(h,v)=(0.0pt,0.0pt)
* modes: 
* h-part:(L,W,R)=(72.26999pt, 469.75502pt, 72.26999pt)
* v-part:(T,H,B)=(72.26999pt, 650.43001pt, 72.26999pt)
* \paperwidth=614.295pt
* \paperheight=794.96999pt
* \textwidth=469.75502pt
* \textheight=650.43001pt
* \oddsidemargin=0.0pt
* \evensidemargin=0.0pt
* \topmargin=-37.0pt
* \headheight=12.0pt
* \headsep=25.0pt
* \topskip=10.0pt
* \footskip=30.0pt
* \marginparwidth=65.0pt
* \marginparsep=11.0pt
* \columnsep=10.0pt
* \skip\footins=9.0pt plus 4.0pt minus 2.0pt
* \hoffset=0.0pt
* \voffset=0.0pt
* \mag=1000
* \@twocolumnfalse
* \@twosidefalse
* \@mparswitchfalse
* \@reversemarginfalse
* (1in=72.27pt=25.4mm, 1cm=28.453pt)

LaTeX Font Info:    Trying to load font information for OT1+lmr on input line 112.
(c:/Users/Alex/AppData/Roaming/TinyTeX/texmf-dist/tex/latex/lm/ot1lmr.fd
File: ot1lmr.fd 2015/05/01 v1.6.1 Font defs for Latin Modern
)
LaTeX Font Info:    Trying to load font information for OML+lmm on input line 112.
(c:/Users/Alex/AppData/Roaming/TinyTeX/texmf-dist/tex/latex/lm/omllmm.fd
File: omllmm.fd 2015/05/01 v1.6.1 Font defs for Latin Modern
)
LaTeX Font Info:    Trying to load font information for OMS+lmsy on input line 112.
(c:/Users/Alex/AppData/Roaming/TinyTeX/texmf-dist/tex/latex/lm/omslmsy.fd
File: omslmsy.fd 2015/05/01 v1.6.1 Font defs for Latin Modern
)
LaTeX Font Info:    Trying to load font information for OMX+lmex on input line 112.
(c:/Users/Alex/AppData/Roaming/TinyTeX/texmf-dist/tex/latex/lm/omxlmex.fd
File: omxlmex.fd 2015/05/01 v1.6.1 Font defs for Latin Modern
)
LaTeX Font Info:    External font `lmex10' loaded for size
(Font)              <12> on input line 112.
LaTeX Font Info:    External font `lmex10' loaded for size
(Font)              <8> on input line 112.
LaTeX Font Info:    External font `lmex10' loaded for size
(Font)              <6> on input line 112.
LaTeX Font Info:    Trying to load font information for U+msa on input line 112.
(c:/Users/Alex/AppData/Roaming/TinyTeX/texmf-dist/tex/latex/amsfonts/umsa.fd
File: umsa.fd 2013/01/14 v3.01 AMS symbols A
)
LaTeX Font Info:    Trying to load font information for U+msb on input line 112.
(c:/Users/Alex/AppData/Roaming/TinyTeX/texmf-dist/tex/latex/amsfonts/umsb.fd
File: umsb.fd 2013/01/14 v3.01 AMS symbols B
)
LaTeX Font Info:    Trying to load font information for T1+lmtt on input line 136.
(c:/Users/Alex/AppData/Roaming/TinyTeX/texmf-dist/tex/latex/lm/t1lmtt.fd
File: t1lmtt.fd 2015/05/01 v1.6.1 Font defs for Latin Modern
) [1

{c:/Users/Alex/AppData/Roaming/TinyTeX/texmf-var/fonts/map/pdftex/updmap/pdftex.map}]
<Assignment2_files/figure-latex/unnamed-chunk-8-1.pdf, id=168, 722.7pt x 1011.78pt>
File: Assignment2_files/figure-latex/unnamed-chunk-8-1.pdf Graphic file (type pdf)
<use Assignment2_files/figure-latex/unnamed-chunk-8-1.pdf>
Package pdftex.def Info: Assignment2_files/figure-latex/unnamed-chunk-8-1.pdf  used on input line 236.
(pdftex.def)             Requested size: 464.59958pt x 650.43942pt.
[2] [3 <./Assignment2_files/figure-latex/unnamed-chunk-8-1.pdf>]
<Assignment2_files/figure-latex/unnamed-chunk-10-1.pdf, id=190, 469.755pt x 144.54pt>
File: Assignment2_files/figure-latex/unnamed-chunk-10-1.pdf Graphic file (type pdf)
<use Assignment2_files/figure-latex/unnamed-chunk-10-1.pdf>
Package pdftex.def Info: Assignment2_files/figure-latex/unnamed-chunk-10-1.pdf  used on input line 249.
(pdftex.def)             Requested size: 469.75386pt x 144.53963pt.
<Assignment2_files/figure-latex/unnamed-chunk-12-1.pdf, id=191, 469.755pt x 216.81pt>
File: Assignment2_files/figure-latex/unnamed-chunk-12-1.pdf Graphic file (type pdf)
<use Assignment2_files/figure-latex/unnamed-chunk-12-1.pdf>
Package pdftex.def Info: Assignment2_files/figure-latex/unnamed-chunk-12-1.pdf  used on input line 261.
(pdftex.def)             Requested size: 469.75386pt x 216.80946pt.
<Assignment2_files/figure-latex/unnamed-chunk-14-1.pdf, id=192, 469.755pt x 216.81pt>
File: Assignment2_files/figure-latex/unnamed-chunk-14-1.pdf Graphic file (type pdf)
<use Assignment2_files/figure-latex/unnamed-chunk-14-1.pdf>
Package pdftex.def Info: Assignment2_files/figure-latex/unnamed-chunk-14-1.pdf  used on input line 276.
(pdftex.def)             Requested size: 469.75386pt x 216.80946pt.
[4 <./Assignment2_files/figure-latex/unnamed-chunk-10-1.pdf> <./Assignment2_files/figure-latex/unnamed-chunk-12-1.pdf>]
<Assignment2_files/figure-latex/unnamed-chunk-16-1.pdf, id=209, 469.755pt x 289.08pt>
File: Assignment2_files/figure-latex/unnamed-chunk-16-1.pdf Graphic file (type pdf)
<use Assignment2_files/figure-latex/unnamed-chunk-16-1.pdf>
Package pdftex.def Info: Assignment2_files/figure-latex/unnamed-chunk-16-1.pdf  used on input line 291.
(pdftex.def)             Requested size: 469.75386pt x 289.07928pt.
[5 <./Assignment2_files/figure-latex/unnamed-chunk-14-1.pdf> <./Assignment2_files/figure-latex/unnamed-chunk-16-1.pdf>]
<Assignment2_files/figure-latex/unnamed-chunk-18-1.pdf, id=226, 469.755pt x 216.81pt>
File: Assignment2_files/figure-latex/unnamed-chunk-18-1.pdf Graphic file (type pdf)
<use Assignment2_files/figure-latex/unnamed-chunk-18-1.pdf>
Package pdftex.def Info: Assignment2_files/figure-latex/unnamed-chunk-18-1.pdf  used on input line 306.
(pdftex.def)             Requested size: 469.75386pt x 216.80946pt.
<Assignment2_files/figure-latex/unnamed-chunk-20-1.pdf, id=227, 469.755pt x 216.81pt>
File: Assignment2_files/figure-latex/unnamed-chunk-20-1.pdf Graphic file (type pdf)
<use Assignment2_files/figure-latex/unnamed-chunk-20-1.pdf>
Package pdftex.def Info: Assignment2_files/figure-latex/unnamed-chunk-20-1.pdf  used on input line 321.
(pdftex.def)             Requested size: 469.75386pt x 216.80946pt.
[6 <./Assignment2_files/figure-latex/unnamed-chunk-18-1.pdf> <./Assignment2_files/figure-latex/unnamed-chunk-20-1.pdf>]
<Assignment2_files/figure-latex/unnamed-chunk-22-1.pdf, id=244, 469.755pt x 252.945pt>
File: Assignment2_files/figure-latex/unnamed-chunk-22-1.pdf Graphic file (type pdf)
<use Assignment2_files/figure-latex/unnamed-chunk-22-1.pdf>
Package pdftex.def Info: Assignment2_files/figure-latex/unnamed-chunk-22-1.pdf  used on input line 334.
(pdftex.def)             Requested size: 469.75386pt x 252.94438pt.
<Assignment2_files/figure-latex/unnamed-chunk-24-1.pdf, id=245, 469.755pt x 216.81pt>
File: Assignment2_files/figure-latex/unnamed-chunk-24-1.pdf Graphic file (type pdf)
<use Assignment2_files/figure-latex/unnamed-chunk-24-1.pdf>
Package pdftex.def Info: Assignment2_files/figure-latex/unnamed-chunk-24-1.pdf  used on input line 347.
(pdftex.def)             Requested size: 469.75386pt x 216.80946pt.
[7 <./Assignment2_files/figure-latex/unnamed-chunk-22-1.pdf> <./Assignment2_files/figure-latex/unnamed-chunk-24-1.pdf>]
<Assignment2_files/figure-latex/unnamed-chunk-26-1.pdf, id=263, 469.755pt x 216.81pt>
File: Assignment2_files/figure-latex/unnamed-chunk-26-1.pdf Graphic file (type pdf)
<use Assignment2_files/figure-latex/unnamed-chunk-26-1.pdf>
Package pdftex.def Info: Assignment2_files/figure-latex/unnamed-chunk-26-1.pdf  used on input line 360.
(pdftex.def)             Requested size: 469.75386pt x 216.80946pt.
<Assignment2_files/figure-latex/unnamed-chunk-28-1.pdf, id=264, 469.755pt x 216.81pt>
File: Assignment2_files/figure-latex/unnamed-chunk-28-1.pdf Graphic file (type pdf)
<use Assignment2_files/figure-latex/unnamed-chunk-28-1.pdf>
Package pdftex.def Info: Assignment2_files/figure-latex/unnamed-chunk-28-1.pdf  used on input line 373.
(pdftex.def)             Requested size: 469.75386pt x 216.80946pt.
[8 <./Assignment2_files/figure-latex/unnamed-chunk-26-1.pdf> <./Assignment2_files/figure-latex/unnamed-chunk-28-1.pdf>]
<Assignment2_files/figure-latex/unnamed-chunk-30-1.pdf, id=281, 469.755pt x 144.54pt>
File: Assignment2_files/figure-latex/unnamed-chunk-30-1.pdf Graphic file (type pdf)
<use Assignment2_files/figure-latex/unnamed-chunk-30-1.pdf>
Package pdftex.def Info: Assignment2_files/figure-latex/unnamed-chunk-30-1.pdf  used on input line 386.
(pdftex.def)             Requested size: 469.75386pt x 144.53963pt.
LaTeX Font Info:    Font shape `T1/lmtt/bx/n' in size <10> not available
(Font)              Font shape `T1/lmtt/b/n' tried instead on input line 399.
[9 <./Assignment2_files/figure-latex/unnamed-chunk-30-1.pdf>]
<Assignment2_files/figure-latex/unnamed-chunk-33-1.pdf, id=293, 469.755pt x 289.08pt>
File: Assignment2_files/figure-latex/unnamed-chunk-33-1.pdf Graphic file (type pdf)
<use Assignment2_files/figure-latex/unnamed-chunk-33-1.pdf>
Package pdftex.def Info: Assignment2_files/figure-latex/unnamed-chunk-33-1.pdf  used on input line 483.
(pdftex.def)             Requested size: 469.75386pt x 289.07928pt.
[10 <./Assignment2_files/figure-latex/unnamed-chunk-33-1.pdf>]
<Assignment2_files/figure-latex/unnamed-chunk-35-1.pdf, id=305, 469.755pt x 325.215pt>
File: Assignment2_files/figure-latex/unnamed-chunk-35-1.pdf Graphic file (type pdf)
<use Assignment2_files/figure-latex/unnamed-chunk-35-1.pdf>
Package pdftex.def Info: Assignment2_files/figure-latex/unnamed-chunk-35-1.pdf  used on input line 513.
(pdftex.def)             Requested size: 469.75386pt x 325.2142pt.
<Assignment2_files/figure-latex/unnamed-chunk-37-1.pdf, id=306, 469.755pt x 325.215pt>
File: Assignment2_files/figure-latex/unnamed-chunk-37-1.pdf Graphic file (type pdf)
<use Assignment2_files/figure-latex/unnamed-chunk-37-1.pdf>
Package pdftex.def Info: Assignment2_files/figure-latex/unnamed-chunk-37-1.pdf  used on input line 523.
(pdftex.def)             Requested size: 469.75386pt x 325.2142pt.
[11 <./Assignment2_files/figure-latex/unnamed-chunk-35-1.pdf>] [12 <./Assignment2_files/figure-latex/unnamed-chunk-37-1.pdf>] [13] [14]
LaTeX Font Info:    Trying to load font information for TS1+lmtt on input line 722.
(c:/Users/Alex/AppData/Roaming/TinyTeX/texmf-dist/tex/latex/lm/ts1lmtt.fd
File: ts1lmtt.fd 2015/05/01 v1.6.1 Font defs for Latin Modern
)
<Assignment2_files/figure-latex/unnamed-chunk-43-1.pdf, id=340, 469.755pt x 216.81pt>
File: Assignment2_files/figure-latex/unnamed-chunk-43-1.pdf Graphic file (type pdf)
<use Assignment2_files/figure-latex/unnamed-chunk-43-1.pdf>
Package pdftex.def Info: Assignment2_files/figure-latex/unnamed-chunk-43-1.pdf  used on input line 730.
(pdftex.def)             Requested size: 469.75386pt x 216.80946pt.
LaTeX Font Info:    Trying to load font information for TS1+lmr on input line 749.
(c:/Users/Alex/AppData/Roaming/TinyTeX/texmf-dist/tex/latex/lm/ts1lmr.fd
File: ts1lmr.fd 2015/05/01 v1.6.1 Font defs for Latin Modern
) [15 <./Assignment2_files/figure-latex/unnamed-chunk-43-1.pdf>] [16] [17]
Overfull \hbox (7.99359pt too wide) in paragraph at lines 938--938
[]\T1/lmtt/m/n/10 ##  $ enrollee_id           : int  666 21651 8722 5764 7041 10408 4324 26966 13643 5568 ...[] 
 []


Overfull \hbox (81.49338pt too wide) in paragraph at lines 938--938
[]\T1/lmtt/m/n/10 ##  $ city                  : Factor w/ 117 levels "city_1","city_10",..: 48 53 60 60 73 60 6 47 88 4 ...[] 
 []


Overfull \hbox (34.24352pt too wide) in paragraph at lines 938--938
[]\T1/lmtt/m/n/10 ##  $ city_development_index: num  0.767 0.764 0.624 0.624 0.776 0.624 0.92 0.92 0.666 0.558 ...[] 
 []


Overfull \hbox (13.24358pt too wide) in paragraph at lines 938--938
[]\T1/lmtt/m/n/10 ##  $ gender                : Factor w/ 4 levels "Female","Male",..: 2 4 4 4 2 2 1 1 4 2 ...[] 
 []


Overfull \hbox (18.49356pt too wide) in paragraph at lines 938--938
[]\T1/lmtt/m/n/10 ##  $ enrolled_university   : Factor w/ 3 levels "No","Part-Time",..: 1 2 3 1 1 1 3 1 1 1 ...[] 
 []


Overfull \hbox (18.49356pt too wide) in paragraph at lines 938--938
[]\T1/lmtt/m/n/10 ##  $ education_level       : Factor w/ 5 levels "Primary School",..: 4 3 2 3 3 3 3 3 3 3 ...[] 
 []


Overfull \hbox (44.74348pt too wide) in paragraph at lines 938--938
[]\T1/lmtt/m/n/10 ##  $ experience            : Factor w/ 22 levels "<1",">20","1",..: 2 5 18 14 1 12 18 2 22 17 ...[] 
 []


Overfull \hbox (2.7436pt too wide) in paragraph at lines 938--938
[]\T1/lmtt/m/n/10 ##  $ company_size          : Factor w/ 9 levels "<10","10-49",..: 6 9 9 8 4 6 9 3 6 9 ...[] 
 []


Overfull \hbox (44.74348pt too wide) in paragraph at lines 938--938
[]\T1/lmtt/m/n/10 ##  $ company_type          : Factor w/ 6 levels "Early Stage Startup",..: 2 4 4 6 6 2 4 6 6 4 ...[] 
 []


Overfull \hbox (18.49356pt too wide) in paragraph at lines 938--938
[]\T1/lmtt/m/n/10 ##  $ last_new_job          : Factor w/ 6 levels ">4","1","2","3",..: 5 2 6 3 2 3 2 1 6 2 ...[] 
 []


Overfull \hbox (44.74348pt too wide) in paragraph at lines 938--938
[]\T1/lmtt/m/n/10 ##  $ target                : Factor w/ 2 levels "Target.Yes","Target.No": 2 1 2 2 2 1 2 2 2 1 ...[] 
 []

[18]
Overfull \hbox (7.99359pt too wide) in paragraph at lines 1051--1051
[]\T1/lmtt/m/n/10 ##  $ enrollee_id           : int  666 21651 8722 5764 7041 10408 4324 26966 13643 5568 ...[] 
 []


Overfull \hbox (81.49338pt too wide) in paragraph at lines 1051--1051
[]\T1/lmtt/m/n/10 ##  $ city                  : Factor w/ 117 levels "city_1","city_10",..: 48 53 60 60 73 60 6 47 88 4 ...[] 
 []


Overfull \hbox (34.24352pt too wide) in paragraph at lines 1051--1051
[]\T1/lmtt/m/n/10 ##  $ city_development_index: num  0.767 0.764 0.624 0.624 0.776 0.624 0.92 0.92 0.666 0.558 ...[] 
 []


Overfull \hbox (13.24358pt too wide) in paragraph at lines 1051--1051
[]\T1/lmtt/m/n/10 ##  $ gender                : Factor w/ 4 levels "Female","Male",..: 2 4 4 4 2 2 1 1 4 2 ...[] 
 []


Overfull \hbox (18.49356pt too wide) in paragraph at lines 1051--1051
[]\T1/lmtt/m/n/10 ##  $ enrolled_university   : Factor w/ 3 levels "No","Part-Time",..: 1 2 3 1 1 1 3 1 1 1 ...[] 
 []


Overfull \hbox (18.49356pt too wide) in paragraph at lines 1051--1051
[]\T1/lmtt/m/n/10 ##  $ education_level       : Factor w/ 5 levels "Primary School",..: 4 3 2 3 3 3 3 3 3 3 ...[] 
 []


Overfull \hbox (44.74348pt too wide) in paragraph at lines 1051--1051
[]\T1/lmtt/m/n/10 ##  $ experience            : Factor w/ 22 levels "<1",">20","1",..: 2 5 18 14 1 12 18 2 22 17 ...[] 
 []

[19]
Overfull \hbox (2.7436pt too wide) in paragraph at lines 1051--1051
[]\T1/lmtt/m/n/10 ##  $ company_size          : Factor w/ 9 levels "<10","10-49",..: 6 9 9 8 4 6 9 3 6 9 ...[] 
 []


Overfull \hbox (44.74348pt too wide) in paragraph at lines 1051--1051
[]\T1/lmtt/m/n/10 ##  $ company_type          : Factor w/ 6 levels "Early Stage Startup",..: 2 4 4 6 6 2 4 6 6 4 ...[] 
 []


Overfull \hbox (18.49356pt too wide) in paragraph at lines 1051--1051
[]\T1/lmtt/m/n/10 ##  $ last_new_job          : Factor w/ 6 levels ">4","1","2","3",..: 5 2 6 3 2 3 2 1 6 2 ...[] 
 []


Overfull \hbox (44.74348pt too wide) in paragraph at lines 1051--1051
[]\T1/lmtt/m/n/10 ##  $ target                : Factor w/ 2 levels "Target.Yes","Target.No": 2 1 2 2 2 1 2 2 2 1 ...[] 
 []

[20] [21] [22] [23] [24] [25]
LaTeX Font Info:    External font `lmex10' loaded for size
(Font)              <10> on input line 1460.
LaTeX Font Info:    External font `lmex10' loaded for size
(Font)              <7> on input line 1460.
LaTeX Font Info:    External font `lmex10' loaded for size
(Font)              <5> on input line 1460.
[26] [27]
<Assignment2_files/figure-latex/unnamed-chunk-51-1.pdf, id=408, 469.755pt x 289.08pt>
File: Assignment2_files/figure-latex/unnamed-chunk-51-1.pdf Graphic file (type pdf)
<use Assignment2_files/figure-latex/unnamed-chunk-51-1.pdf>
Package pdftex.def Info: Assignment2_files/figure-latex/unnamed-chunk-51-1.pdf  used on input line 1569.
(pdftex.def)             Requested size: 469.75386pt x 289.07928pt.
<Assignment2_files/figure-latex/unnamed-chunk-51-2.pdf, id=409, 469.755pt x 289.08pt>
File: Assignment2_files/figure-latex/unnamed-chunk-51-2.pdf Graphic file (type pdf)
<use Assignment2_files/figure-latex/unnamed-chunk-51-2.pdf>
Package pdftex.def Info: Assignment2_files/figure-latex/unnamed-chunk-51-2.pdf  used on input line 1583.
(pdftex.def)             Requested size: 469.75386pt x 289.07928pt.
[28 <./Assignment2_files/figure-latex/unnamed-chunk-51-1.pdf>]
<Assignment2_files/figure-latex/unnamed-chunk-51-3.pdf, id=419, 469.755pt x 289.08pt>
File: Assignment2_files/figure-latex/unnamed-chunk-51-3.pdf Graphic file (type pdf)
<use Assignment2_files/figure-latex/unnamed-chunk-51-3.pdf>
Package pdftex.def Info: Assignment2_files/figure-latex/unnamed-chunk-51-3.pdf  used on input line 1606.
(pdftex.def)             Requested size: 469.75386pt x 289.07928pt.
[29 <./Assignment2_files/figure-latex/unnamed-chunk-51-2.pdf>]
<Assignment2_files/figure-latex/unnamed-chunk-51-4.pdf, id=429, 469.755pt x 289.08pt>
File: Assignment2_files/figure-latex/unnamed-chunk-51-4.pdf Graphic file (type pdf)
<use Assignment2_files/figure-latex/unnamed-chunk-51-4.pdf>
Package pdftex.def Info: Assignment2_files/figure-latex/unnamed-chunk-51-4.pdf  used on input line 1650.
(pdftex.def)             Requested size: 469.75386pt x 289.07928pt.
[30 <./Assignment2_files/figure-latex/unnamed-chunk-51-3.pdf>]
<Assignment2_files/figure-latex/unnamed-chunk-51-5.pdf, id=440, 469.755pt x 289.08pt>
File: Assignment2_files/figure-latex/unnamed-chunk-51-5.pdf Graphic file (type pdf)
<use Assignment2_files/figure-latex/unnamed-chunk-51-5.pdf>
Package pdftex.def Info: Assignment2_files/figure-latex/unnamed-chunk-51-5.pdf  used on input line 1658.
(pdftex.def)             Requested size: 469.75386pt x 289.07928pt.
[31 <./Assignment2_files/figure-latex/unnamed-chunk-51-4.pdf> <./Assignment2_files/figure-latex/unnamed-chunk-51-5.pdf>] [32]
<Assignment2_files/figure-latex/unnamed-chunk-53-1.pdf, id=461, 469.755pt x 325.215pt>
File: Assignment2_files/figure-latex/unnamed-chunk-53-1.pdf Graphic file (type pdf)
<use Assignment2_files/figure-latex/unnamed-chunk-53-1.pdf>
Package pdftex.def Info: Assignment2_files/figure-latex/unnamed-chunk-53-1.pdf  used on input line 1791.
(pdftex.def)             Requested size: 469.75386pt x 325.2142pt.
[33]

Package amsmath Warning: Foreign command \atopwithdelims;
(amsmath)                \frac or \genfrac should be used instead
(amsmath)                 on input line 1799.

<Assignment2_files/figure-latex/unnamed-chunk-54-1.pdf, id=466, 469.755pt x 325.215pt>
File: Assignment2_files/figure-latex/unnamed-chunk-54-1.pdf Graphic file (type pdf)
<use Assignment2_files/figure-latex/unnamed-chunk-54-1.pdf>
Package pdftex.def Info: Assignment2_files/figure-latex/unnamed-chunk-54-1.pdf  used on input line 1817.
(pdftex.def)             Requested size: 469.75386pt x 325.2142pt.
[34 <./Assignment2_files/figure-latex/unnamed-chunk-53-1.pdf>]
<Assignment2_files/figure-latex/unnamed-chunk-54-2.pdf, id=480, 469.755pt x 325.215pt>
File: Assignment2_files/figure-latex/unnamed-chunk-54-2.pdf Graphic file (type pdf)
<use Assignment2_files/figure-latex/unnamed-chunk-54-2.pdf>
Package pdftex.def Info: Assignment2_files/figure-latex/unnamed-chunk-54-2.pdf  used on input line 1834.
(pdftex.def)             Requested size: 469.75386pt x 325.2142pt.
[35 <./Assignment2_files/figure-latex/unnamed-chunk-54-1.pdf>] [36 <./Assignment2_files/figure-latex/unnamed-chunk-54-2.pdf>] [37] [38]
<Assignment2_files/figure-latex/unnamed-chunk-55-1.pdf, id=509, 469.755pt x 325.215pt>
File: Assignment2_files/figure-latex/unnamed-chunk-55-1.pdf Graphic file (type pdf)
<use Assignment2_files/figure-latex/unnamed-chunk-55-1.pdf>
Package pdftex.def Info: Assignment2_files/figure-latex/unnamed-chunk-55-1.pdf  used on input line 2062.
(pdftex.def)             Requested size: 469.75386pt x 325.2142pt.
[39]
<Assignment2_files/figure-latex/unnamed-chunk-55-2.pdf, id=514, 469.755pt x 325.215pt>
File: Assignment2_files/figure-latex/unnamed-chunk-55-2.pdf Graphic file (type pdf)
<use Assignment2_files/figure-latex/unnamed-chunk-55-2.pdf>
Package pdftex.def Info: Assignment2_files/figure-latex/unnamed-chunk-55-2.pdf  used on input line 2070.
(pdftex.def)             Requested size: 469.75386pt x 325.2142pt.
[40 <./Assignment2_files/figure-latex/unnamed-chunk-55-1.pdf>]
<Assignment2_files/figure-latex/unnamed-chunk-55-3.pdf, id=524, 469.755pt x 325.215pt>
File: Assignment2_files/figure-latex/unnamed-chunk-55-3.pdf Graphic file (type pdf)
<use Assignment2_files/figure-latex/unnamed-chunk-55-3.pdf>
Package pdftex.def Info: Assignment2_files/figure-latex/unnamed-chunk-55-3.pdf  used on input line 2088.
(pdftex.def)             Requested size: 469.75386pt x 325.2142pt.
[41 <./Assignment2_files/figure-latex/unnamed-chunk-55-2.pdf>]
<Assignment2_files/figure-latex/unnamed-chunk-55-4.pdf, id=534, 469.755pt x 325.215pt>
File: Assignment2_files/figure-latex/unnamed-chunk-55-4.pdf Graphic file (type pdf)
<use Assignment2_files/figure-latex/unnamed-chunk-55-4.pdf>
Package pdftex.def Info: Assignment2_files/figure-latex/unnamed-chunk-55-4.pdf  used on input line 2106.
(pdftex.def)             Requested size: 469.75386pt x 325.2142pt.
[42 <./Assignment2_files/figure-latex/unnamed-chunk-55-3.pdf>]
<Assignment2_files/figure-latex/unnamed-chunk-56-1.pdf, id=544, 469.755pt x 325.215pt>
File: Assignment2_files/figure-latex/unnamed-chunk-56-1.pdf Graphic file (type pdf)
<use Assignment2_files/figure-latex/unnamed-chunk-56-1.pdf>
Package pdftex.def Info: Assignment2_files/figure-latex/unnamed-chunk-56-1.pdf  used on input line 2157.
(pdftex.def)             Requested size: 469.75386pt x 325.2142pt.
[43 <./Assignment2_files/figure-latex/unnamed-chunk-55-4.pdf>]
<Assignment2_files/figure-latex/unnamed-chunk-56-2.pdf, id=556, 469.755pt x 325.215pt>
File: Assignment2_files/figure-latex/unnamed-chunk-56-2.pdf Graphic file (type pdf)
<use Assignment2_files/figure-latex/unnamed-chunk-56-2.pdf>
Package pdftex.def Info: Assignment2_files/figure-latex/unnamed-chunk-56-2.pdf  used on input line 2165.
(pdftex.def)             Requested size: 469.75386pt x 325.2142pt.
[44 <./Assignment2_files/figure-latex/unnamed-chunk-56-1.pdf>]
<Assignment2_files/figure-latex/unnamed-chunk-56-3.pdf, id=566, 469.755pt x 325.215pt>
File: Assignment2_files/figure-latex/unnamed-chunk-56-3.pdf Graphic file (type pdf)
<use Assignment2_files/figure-latex/unnamed-chunk-56-3.pdf>
Package pdftex.def Info: Assignment2_files/figure-latex/unnamed-chunk-56-3.pdf  used on input line 2183.
(pdftex.def)             Requested size: 469.75386pt x 325.2142pt.
[45 <./Assignment2_files/figure-latex/unnamed-chunk-56-2.pdf>]
<Assignment2_files/figure-latex/unnamed-chunk-56-4.pdf, id=577, 469.755pt x 325.215pt>
File: Assignment2_files/figure-latex/unnamed-chunk-56-4.pdf Graphic file (type pdf)
<use Assignment2_files/figure-latex/unnamed-chunk-56-4.pdf>
Package pdftex.def Info: Assignment2_files/figure-latex/unnamed-chunk-56-4.pdf  used on input line 2201.
(pdftex.def)             Requested size: 469.75386pt x 325.2142pt.
[46 <./Assignment2_files/figure-latex/unnamed-chunk-56-3.pdf>] [47 <./Assignment2_files/figure-latex/unnamed-chunk-56-4.pdf>]
<Assignment2_files/figure-latex/unnamed-chunk-56-5.pdf, id=596, 469.755pt x 325.215pt>
File: Assignment2_files/figure-latex/unnamed-chunk-56-5.pdf Graphic file (type pdf)
<use Assignment2_files/figure-latex/unnamed-chunk-56-5.pdf>
Package pdftex.def Info: Assignment2_files/figure-latex/unnamed-chunk-56-5.pdf  used on input line 2295.
(pdftex.def)             Requested size: 469.75386pt x 325.2142pt.
[48]
<Assignment2_files/figure-latex/unnamed-chunk-56-6.pdf, id=601, 469.755pt x 325.215pt>
File: Assignment2_files/figure-latex/unnamed-chunk-56-6.pdf Graphic file (type pdf)
<use Assignment2_files/figure-latex/unnamed-chunk-56-6.pdf>
Package pdftex.def Info: Assignment2_files/figure-latex/unnamed-chunk-56-6.pdf  used on input line 2303.
(pdftex.def)             Requested size: 469.75386pt x 325.2142pt.
[49 <./Assignment2_files/figure-latex/unnamed-chunk-56-5.pdf>]
<Assignment2_files/figure-latex/unnamed-chunk-56-7.pdf, id=612, 469.755pt x 325.215pt>
File: Assignment2_files/figure-latex/unnamed-chunk-56-7.pdf Graphic file (type pdf)
<use Assignment2_files/figure-latex/unnamed-chunk-56-7.pdf>
Package pdftex.def Info: Assignment2_files/figure-latex/unnamed-chunk-56-7.pdf  used on input line 2311.
(pdftex.def)             Requested size: 469.75386pt x 325.2142pt.
[50 <./Assignment2_files/figure-latex/unnamed-chunk-56-6.pdf>]
<Assignment2_files/figure-latex/unnamed-chunk-56-8.pdf, id=622, 469.755pt x 325.215pt>
File: Assignment2_files/figure-latex/unnamed-chunk-56-8.pdf Graphic file (type pdf)
<use Assignment2_files/figure-latex/unnamed-chunk-56-8.pdf>
Package pdftex.def Info: Assignment2_files/figure-latex/unnamed-chunk-56-8.pdf  used on input line 2319.
(pdftex.def)             Requested size: 469.75386pt x 325.2142pt.
[51 <./Assignment2_files/figure-latex/unnamed-chunk-56-7.pdf>]
<Assignment2_files/figure-latex/unnamed-chunk-56-9.pdf, id=632, 469.755pt x 325.215pt>
File: Assignment2_files/figure-latex/unnamed-chunk-56-9.pdf Graphic file (type pdf)
<use Assignment2_files/figure-latex/unnamed-chunk-56-9.pdf>
Package pdftex.def Info: Assignment2_files/figure-latex/unnamed-chunk-56-9.pdf  used on input line 2351.
(pdftex.def)             Requested size: 469.75386pt x 325.2142pt.
[52 <./Assignment2_files/figure-latex/unnamed-chunk-56-8.pdf>] [53 <./Assignment2_files/figure-latex/unnamed-chunk-56-9.pdf>] [54]
<Assignment2_files/figure-latex/unnamed-chunk-56-10.pdf, id=655, 469.755pt x 325.215pt>
File: Assignment2_files/figure-latex/unnamed-chunk-56-10.pdf Graphic file (type pdf)
<use Assignment2_files/figure-latex/unnamed-chunk-56-10.pdf>
Package pdftex.def Info: Assignment2_files/figure-latex/unnamed-chunk-56-10.pdf  used on input line 2497.
(pdftex.def)             Requested size: 469.75386pt x 325.2142pt.
[55 <./Assignment2_files/figure-latex/unnamed-chunk-56-10.pdf>] [56] [57] [58] [59] [60] [61] (./Assignment2.aux)
Package rerunfilecheck Info: File `Assignment2.out' has not changed.
(rerunfilecheck)             Checksum: 8FF6D9A1E790E12BBE372A4B5034FF71;7799.
 ) 
Here is how much of TeX's memory you used:
 11557 strings out of 480313
 193142 string characters out of 5895527
 498217 words of memory out of 5000000
 29054 multiletter control sequences out of 15000+600000
 454606 words of font info for 71 fonts, out of 8000000 for 9000
 14 hyphenation exceptions out of 8191
 60i,6n,63p,663b,469s stack positions out of 5000i,500n,10000p,200000b,80000s
{c:/Users/Alex/AppData/Roaming/TinyTeX/texmf-dist/fonts/enc/dvips/lm/lm-rm.enc}{c:/Users/Alex/AppData/Roaming/TinyTeX/texmf-dist/fonts/enc/dvips/lm/lm-mathex.enc}{c:/Users/Alex/AppData/Roaming/TinyTeX/texmf-dist/fonts/enc/dvips/lm/lm-ts1.enc}{c:/Users/Alex/AppData/Roaming/TinyTeX/texmf-dist/fonts/enc/dvips/lm/lm-ec.enc}<c:/Users/Alex/AppData/Roaming/TinyTeX/texmf-dist/fonts/type1/public/lm/lmbx10.pfb><c:/Users/Alex/AppData/Roaming/TinyTeX/texmf-dist/fonts/type1/public/lm/lmbx12.pfb><c:/Users/Alex/AppData/Roaming/TinyTeX/texmf-dist/fonts/type1/public/lm/lmex10.pfb><c:/Users/Alex/AppData/Roaming/TinyTeX/texmf-dist/fonts/type1/public/lm/lmr10.pfb><c:/Users/Alex/AppData/Roaming/TinyTeX/texmf-dist/fonts/type1/public/lm/lmr12.pfb><c:/Users/Alex/AppData/Roaming/TinyTeX/texmf-dist/fonts/type1/public/lm/lmr17.pfb><c:/Users/Alex/AppData/Roaming/TinyTeX/texmf-dist/fonts/type1/public/lm/lmri10.pfb><c:/Users/Alex/AppData/Roaming/TinyTeX/texmf-dist/fonts/type1/public/lm/lmtk10.pfb><c:/Users/Alex/AppData/Roaming/TinyTeX/texmf-dist/fonts/type1/public/lm/lmtt10.pfb><c:/Users/Alex/AppData/Roaming/TinyTeX/texmf-dist/fonts/type1/public/lm/lmtti10.pfb>
Output written on Assignment2.pdf (61 pages, 4422816 bytes).
PDF statistics:
 795 PDF objects out of 1000 (max. 8388607)
 626 compressed objects within 7 object streams
 148 named destinations out of 1000 (max. 500000)
 495 words of extra memory for PDF output out of 10000 (max. 10000000)

